<?xml version="1.0" encoding="UTF-8"?>
<!-- Generated by org.testng.reporters.JUnitXMLReporter -->
<testsuite hostname="RSI1526" ignored="0" name="Tools Qa" tests="6" failures="2" timestamp="2020-02-11T16:25:28 BRST" time="201.748" errors="0">
  <testcase name="cadastrando" time="33.097" classname="br.com.rsinet.hub_TDD.cenarios.Cadastro">
    <failure type="java.lang.AssertionError" message="expected:&amp;lt;&amp;gt; but was:&amp;lt;LOGIN&amp;gt;">
      <![CDATA[java.lang.AssertionError: expected:<> but was:<LOGIN>
at br.com.rsinet.hub_TDD.cenarios.Cadastro.cadastrando(Cadastro.java:83)
at java.util.ArrayList.forEach(ArrayList.java:1257)
... Removed 29 stack frames]]>
    </failure>
  </testcase> <!-- cadastrando -->
  <testcase name="falhaNoCadastro" time="42.672" classname="br.com.rsinet.hub_TDD.cenarios.Cadastro">
    <failure type="java.lang.AssertionError" message="expected:&amp;lt;&amp;gt; but was:&amp;lt;Your email isn’t formatted correctly&amp;gt;">
      <![CDATA[java.lang.AssertionError: expected:<> but was:<Your email isn’t formatted correctly>
at br.com.rsinet.hub_TDD.cenarios.Cadastro.falhaNoCadastro(Cadastro.java:122)
at java.util.ArrayList.forEach(ArrayList.java:1257)
... Removed 29 stack frames]]>
    </failure>
  </testcase> <!-- falhaNoCadastro -->
  <testcase name="pesquisaComFalha" time="15.67" classname="br.com.rsinet.hub_TDD.cenarios.PesquisaPelaHome"/>
  <testcase name="pesquisaComSucesso" time="13.424" classname="br.com.rsinet.hub_TDD.cenarios.PesquisaPelaHome"/>
  <testcase name="pesquisaComFalha" time="3.557" classname="br.com.rsinet.hub_TDD.cenarios.PesquisaPelaLupa2"/>
  <testcase name="pesquisaComSucesso" time="10.615" classname="br.com.rsinet.hub_TDD.cenarios.PesquisaPelaLupa2"/>
</testsuite> <!-- Tools Qa -->
