<?xml version="1.0" encoding="UTF-8"?>
<!-- Generated by org.testng.reporters.JUnitXMLReporter -->
<testsuite hostname="RSI1526" ignored="0" name="Tools Qa" tests="6" failures="1" timestamp="2020-02-12T15:54:59 BRST" time="162.969" errors="0">
  <testcase name="cadastrando" time="29.729" classname="br.com.rsinet.hub_TDD.cenarios.Cadastro">
    <failure type="java.lang.AssertionError" message="expected:&amp;lt;saulos71&amp;gt; but was:&amp;lt;LOGIN&amp;gt;">
      <![CDATA[java.lang.AssertionError: expected:<saulos71> but was:<LOGIN>
at br.com.rsinet.hub_TDD.cenarios.Cadastro.cadastrando(Cadastro.java:86)
at java.util.ArrayList.forEach(ArrayList.java:1257)
... Removed 29 stack frames]]>
    </failure>
  </testcase> <!-- cadastrando -->
  <testcase name="falhaNoCadastro" time="28.998" classname="br.com.rsinet.hub_TDD.cenarios.Cadastro"/>
  <testcase name="pesquisaComFalha" time="13.334" classname="br.com.rsinet.hub_TDD.cenarios.PesquisaPelaHome"/>
  <testcase name="pesquisaComSucesso" time="12.16" classname="br.com.rsinet.hub_TDD.cenarios.PesquisaPelaHome"/>
  <testcase name="pesquisaComFalha" time="3.206" classname="br.com.rsinet.hub_TDD.cenarios.PesquisaPelaLupa"/>
  <testcase name="pesquisaComSucesso" time="9.772" classname="br.com.rsinet.hub_TDD.cenarios.PesquisaPelaLupa"/>
</testsuite> <!-- Tools Qa -->
