<?xml version="1.0" encoding="UTF-8"?>
<testng-results skipped="0" failed="0" ignored="0" total="1" passed="1">
  <reporter-output>
  </reporter-output>
  <suite name="Default suite" duration-ms="37924" started-at="2020-02-11T19:43:24 BRST" finished-at="2020-02-11T19:44:02 BRST">
    <groups>
    </groups>
    <test name="Default test" duration-ms="37924" started-at="2020-02-11T19:43:24 BRST" finished-at="2020-02-11T19:44:02 BRST">
      <class name="br.com.rsinet.hub_TDD.cenarios.Cadastro">
        <test-method status="PASS" signature="inicio()[pri:0, instance:br.com.rsinet.hub_TDD.cenarios.Cadastro@5e5d171f]" name="inicio" is-config="true" duration-ms="7942" started-at="2020-02-11T19:43:24 BRST" finished-at="2020-02-11T19:43:32 BRST">
          <reporter-output>
          </reporter-output>
        </test-method> <!-- inicio -->
        <test-method status="PASS" signature="cadastrando()[pri:0, instance:br.com.rsinet.hub_TDD.cenarios.Cadastro@5e5d171f]" name="cadastrando" duration-ms="29347" started-at="2020-02-11T19:43:32 BRST" finished-at="2020-02-11T19:44:02 BRST">
          <reporter-output>
          </reporter-output>
        </test-method> <!-- cadastrando -->
        <test-method status="PASS" signature="fim()[pri:0, instance:br.com.rsinet.hub_TDD.cenarios.Cadastro@5e5d171f]" name="fim" is-config="true" duration-ms="603" started-at="2020-02-11T19:44:02 BRST" finished-at="2020-02-11T19:44:02 BRST">
          <reporter-output>
          </reporter-output>
        </test-method> <!-- fim -->
      </class> <!-- br.com.rsinet.hub_TDD.cenarios.Cadastro -->
    </test> <!-- Default test -->
  </suite> <!-- Default suite -->
</testng-results>
